DEBUG:iqoptionapi.ws.client:Websocket client connected.
DEBUG:iqoptionapi.api:POST: https://auth.iqoption.com/api/v2/login headers: {'User-Agent': 'Mozilla/5.0 (X11; Linux x86_64) AppleWebKit/537.36 (KHTML, like Gecko) Chrome/66.0.3359.139 Safari/537.36', 'Accept-Encoding': 'gzip, deflate', 'Accept': '*/*', 'Connection': 'keep-alive'} cookies: {}
DEBUG:urllib3.connectionpool:Starting new HTTPS connection (1): auth.iqoption.com:443
DEBUG:iqoptionapi.ws.client:{"name":"timeSync","msg":1614308661455}
DEBUG:iqoptionapi.ws.client:{"name":"heartbeat","msg":1614308661455}
DEBUG:urllib3.connectionpool:https://auth.iqoption.com:443 "POST /api/v2/login HTTP/1.1" 200 60
DEBUG:iqoptionapi.api:<Response [200]>
DEBUG:iqoptionapi.api:{"code":"success","ssid":"0d57d3b7a3323aeb441e984636c89e02"}
DEBUG:iqoptionapi.api:{'Server': 'nginx', 'Date': 'Fri, 26 Feb 2021 03:04:22 GMT', 'Content-Type': 'application/json; charset=utf-8', 'Content-Length': '60', 'Connection': 'keep-alive', 'Set-Cookie': 'ssid=0d57d3b7a3323aeb441e984636c89e02; Path=/; Domain=iqoption.com; Max-Age=2592000; Secure; SameSite=None', 'Vary': 'Origin', 'X-Tracing-Key': '5be9d944-0d0a-4559-becb-54d5439215c9', 'enable-vts-status': 'true', 'proxy-add-original-uri-header': 'false', 'Strict-Transport-Security': 'max-age=15555600', 'X-Content-Type-Options': 'nosniff'}
DEBUG:iqoptionapi.api:<RequestsCookieJar[<Cookie ssid=0d57d3b7a3323aeb441e984636c89e02 for .iqoption.com/>]>
DEBUG:iqoptionapi.api:{"name": "ssid", "msg": "0d57d3b7a3323aeb441e984636c89e02", "request_id": 479014}
DEBUG:iqoptionapi.ws.client:{"name":"timeSync","msg":1614308662492}
DEBUG:iqoptionapi.ws.client:{"name":"heartbeat","msg":1614308662492}
DEBUG:iqoptionapi.ws.client:{"name":"profile","msg":{"account_status":"NONE","address":"","auth_two_factor":null,"avatar":"","balance":0.0,"balance_id":253881805,"balance_type":0,"balances":[{"id":253881805,"user_id":52572530,"type":1,"amount":0,"enrolled_amount":0,"enrolled_sum_amount":0,"hold_amount":0,"orders_amount":0,"currency":"BRL","tournament_id":null,"tournament_name":null,"is_fiat":true,"is_marginal":false,"has_deposits":false,"auth_amount":0,"equivalent":0},{"id":253881806,"user_id":52572530,"type":4,"amount":9962.13,"enrolled_amount":9962.1338,"enrolled_sum_amount":9962.1338,"hold_amount":0,"orders_amount":0,"currency":"USD","tournament_id":null,"tournament_name":null,"is_fiat":true,"is_marginal":false,"has_deposits":false,"auth_amount":0,"equivalent":0},{"id":253881807,"user_id":52572530,"type":5,"amount":0,"enrolled_amount":0,"enrolled_sum_amount":0,"hold_amount":0,"orders_amount":0,"currency":"BTC","tournament_id":null,"tournament_name":null,"is_fiat":false,"is_marginal":false,"has_deposits":false,"auth_amount":0,"equivalent":0},{"id":253881808,"user_id":52572530,"type":5,"amount":0,"enrolled_amount":0,"enrolled_sum_amount":0,"hold_amount":0,"orders_amount":0,"currency":"ETH","tournament_id":null,"tournament_name":null,"is_fiat":false,"is_marginal":false,"has_deposits":false,"auth_amount":0,"equivalent":0}],"birthdate":false,"bonus_total_wager":0,"bonus_wager":0,"cashback_level_info":{"enabled":false},"city":"","client_category_id":1,"company_id":2,"confirmation_required":0,"confirmed_phones":[],"country_id":30,"created":1571696441,"currency":"BRL","currency_char":"R$","currency_id":6,"demo":0,"deposit_count":0,"deposit_in_one_click":false,"email":"gustavoacm06@gmail.com","finance_state":"","first_name":"Gustavo","flag":"BR","forget_status":{"status":"none","created":null,"expires":null},"functions":[],"gender":"male","group_id":193,"id":52572530,"infeed":1,"is_activated":true,"is_islamic":false,"is_vip_group":false,"kyc":{"status":1,"isPhoneFilled":false,"isPhoneNeeded":false,"isProfileFilled":false,"isProfileNeeded":false,"isRegulatedUser":false,"daysLeftToVerify":-1,"isPhoneConfirmed":false,"isDocumentsNeeded":false,"isDocumentsApproved":false,"isDocumentsDeclined":false,"isDocumentsUploaded":false,"isDocumentPoaUploaded":false,"isDocumentPoiUploaded":false,"isDocumentsUploadSkipped":false,"isPhoneConfirmationSkipped":false},"kyc_confirmed":false,"last_name":"Cavalcanti","last_visit":false,"locale":"pt_PT","mask":"R$ %s","messages":0,"money":{"deposit":{"min":0,"max":0},"withdraw":{"min":0,"max":0}},"name":"Gustavo Cavalcanti","nationality":"","need_phone_confirmation":null,"new_email":"","nickname":null,"personal_data_policy":{"is_call_accepted":{"status":true},"is_push_accepted":{"status":true},"is_email_accepted":{"status":true},"is_agreement_accepted":{"status":true},"is_thirdparty_accepted":{"status":true}},"phone":"","popup":[],"postal_index":"","public":1,"rate_in_one_click":false,"site_id":1,"skey":"a19f393d80ba518ed7fcdbbfac6913ed","socials":{},"ssid":false,"tc":true,"timediff":-7200,"tin":"","tournaments_ids":null,"trade_restricted":false,"trial":false,"tz":"Europe/Malta","tz_offset":60,"user_circle":null,"user_group":"LATAM_Default","user_id":52572530,"welcome_splash":0},"request_id":""}
DEBUG:iqoptionapi.ws.client:{"name":"front","msg":"ws04b.prod.ws.wz-ams","session_id":"3184003611260227525"}
DEBUG:iqoptionapi.ws.client:{"name":"timeSync","msg":1614308663527}
DEBUG:iqoptionapi.ws.client:{"name":"heartbeat","msg":1614308663527}
DEBUG:iqoptionapi.api:{"name": "subscribeMessage", "msg": {"name": "portfolio.position-changed", "version": "2.0", "params": {"routingFilters": {"instrument_type": "cfd", "user_balance_id": 253881806}}}, "request_id": ""}
DEBUG:iqoptionapi.api:{"name": "subscribeMessage", "msg": {"name": "portfolio.position-changed", "version": "2.0", "params": {"routingFilters": {"instrument_type": "forex", "user_balance_id": 253881806}}}, "request_id": ""}
DEBUG:iqoptionapi.api:{"name": "subscribeMessage", "msg": {"name": "portfolio.position-changed", "version": "2.0", "params": {"routingFilters": {"instrument_type": "crypto", "user_balance_id": 253881806}}}, "request_id": ""}
DEBUG:iqoptionapi.api:{"name": "subscribeMessage", "msg": {"name": "portfolio.position-changed", "version": "2.0", "params": {"routingFilters": {"instrument_type": "digital-option", "user_balance_id": 253881806}}}, "request_id": ""}
DEBUG:iqoptionapi.api:{"name": "subscribeMessage", "msg": {"name": "portfolio.position-changed", "version": "2.0", "params": {"routingFilters": {"instrument_type": "turbo-option", "user_balance_id": 253881806}}}, "request_id": ""}
DEBUG:iqoptionapi.api:{"name": "subscribeMessage", "msg": {"name": "portfolio.position-changed", "version": "2.0", "params": {"routingFilters": {"instrument_type": "binary-option", "user_balance_id": 253881806}}}, "request_id": ""}
DEBUG:iqoptionapi.api:{"name": "subscribeMessage", "msg": {"name": "portfolio.order-changed", "version": "1.0", "params": {"routingFilters": {"instrument_type": "cfd"}}}, "request_id": ""}
DEBUG:iqoptionapi.api:{"name": "subscribeMessage", "msg": {"name": "portfolio.order-changed", "version": "1.0", "params": {"routingFilters": {"instrument_type": "forex"}}}, "request_id": ""}
DEBUG:iqoptionapi.api:{"name": "subscribeMessage", "msg": {"name": "portfolio.order-changed", "version": "1.0", "params": {"routingFilters": {"instrument_type": "crypto"}}}, "request_id": ""}
DEBUG:iqoptionapi.api:{"name": "subscribeMessage", "msg": {"name": "portfolio.order-changed", "version": "1.0", "params": {"routingFilters": {"instrument_type": "digital-option"}}}, "request_id": ""}
DEBUG:iqoptionapi.api:{"name": "subscribeMessage", "msg": {"name": "portfolio.order-changed", "version": "1.0", "params": {"routingFilters": {"instrument_type": "turbo-option"}}}, "request_id": ""}
DEBUG:iqoptionapi.api:{"name": "subscribeMessage", "msg": {"name": "portfolio.order-changed", "version": "1.0", "params": {"routingFilters": {"instrument_type": "binary-option"}}}, "request_id": ""}
DEBUG:iqoptionapi.api:{"name": "setOptions", "msg": {"sendResults": true}, "request_id": "1"}
DEBUG:iqoptionapi.api:{"name": "unsubscribeMessage", "msg": {"name": "portfolio.position-changed", "version": "2.0", "params": {"routingFilters": {"instrument_type": "cfd", "user_balance_id": 253881806}}}, "request_id": ""}
DEBUG:iqoptionapi.api:{"name": "unsubscribeMessage", "msg": {"name": "portfolio.position-changed", "version": "2.0", "params": {"routingFilters": {"instrument_type": "forex", "user_balance_id": 253881806}}}, "request_id": ""}
DEBUG:iqoptionapi.api:{"name": "unsubscribeMessage", "msg": {"name": "portfolio.position-changed", "version": "2.0", "params": {"routingFilters": {"instrument_type": "crypto", "user_balance_id": 253881806}}}, "request_id": ""}
DEBUG:iqoptionapi.api:{"name": "unsubscribeMessage", "msg": {"name": "portfolio.position-changed", "version": "2.0", "params": {"routingFilters": {"instrument_type": "digital-option", "user_balance_id": 253881806}}}, "request_id": ""}
DEBUG:iqoptionapi.api:{"name": "unsubscribeMessage", "msg": {"name": "portfolio.position-changed", "version": "2.0", "params": {"routingFilters": {"instrument_type": "turbo-option", "user_balance_id": 253881806}}}, "request_id": ""}
DEBUG:iqoptionapi.api:{"name": "unsubscribeMessage", "msg": {"name": "portfolio.position-changed", "version": "2.0", "params": {"routingFilters": {"instrument_type": "binary-option", "user_balance_id": 253881806}}}, "request_id": ""}
DEBUG:iqoptionapi.api:{"name": "subscribeMessage", "msg": {"name": "portfolio.position-changed", "version": "2.0", "params": {"routingFilters": {"instrument_type": "cfd", "user_balance_id": 253881806}}}, "request_id": ""}
DEBUG:iqoptionapi.api:{"name": "subscribeMessage", "msg": {"name": "portfolio.position-changed", "version": "2.0", "params": {"routingFilters": {"instrument_type": "forex", "user_balance_id": 253881806}}}, "request_id": ""}
DEBUG:iqoptionapi.api:{"name": "subscribeMessage", "msg": {"name": "portfolio.position-changed", "version": "2.0", "params": {"routingFilters": {"instrument_type": "crypto", "user_balance_id": 253881806}}}, "request_id": ""}
DEBUG:iqoptionapi.api:{"name": "subscribeMessage", "msg": {"name": "portfolio.position-changed", "version": "2.0", "params": {"routingFilters": {"instrument_type": "digital-option", "user_balance_id": 253881806}}}, "request_id": ""}
DEBUG:iqoptionapi.api:{"name": "subscribeMessage", "msg": {"name": "portfolio.position-changed", "version": "2.0", "params": {"routingFilters": {"instrument_type": "turbo-option", "user_balance_id": 253881806}}}, "request_id": ""}
DEBUG:iqoptionapi.api:{"name": "subscribeMessage", "msg": {"name": "portfolio.position-changed", "version": "2.0", "params": {"routingFilters": {"instrument_type": "binary-option", "user_balance_id": 253881806}}}, "request_id": ""}
INFO:root:Aguandando a Hora para fazer a entrada !!!
DEBUG:iqoptionapi.api:{"name": "sendMessage", "msg": {"name": "get-candles", "version": "2.0", "body": {"active_id": 108, "size": 60, "to": 1614308663, "count": 100, "": 108}}, "request_id": 7553682}
DEBUG:iqoptionapi.ws.client:{"name":"result","request_id":"1","msg":{"success":true}}
DEBUG:iqoptionapi.ws.client:{"name":"result","request_id":"","msg":{"success":true}}
DEBUG:iqoptionapi.ws.client:{"name":"result","request_id":"","msg":{"success":true}}
DEBUG:iqoptionapi.ws.client:{"name":"result","request_id":"","msg":{"success":true}}
DEBUG:iqoptionapi.ws.client:{"name":"result","request_id":"","msg":{"success":true}}
DEBUG:iqoptionapi.ws.client:{"name":"result","request_id":"","msg":{"success":true}}
DEBUG:iqoptionapi.ws.client:{"name":"result","request_id":"","msg":{"success":true}}
DEBUG:iqoptionapi.ws.client:{"name":"result","request_id":"","msg":{"success":true}}
DEBUG:iqoptionapi.ws.client:{"name":"result","request_id":"","msg":{"success":true}}
DEBUG:iqoptionapi.ws.client:{"name":"result","request_id":"","msg":{"success":true}}
DEBUG:iqoptionapi.ws.client:{"name":"result","request_id":"","msg":{"success":true}}
DEBUG:iqoptionapi.ws.client:{"name":"result","request_id":"","msg":{"success":true}}
DEBUG:iqoptionapi.ws.client:{"name":"result","request_id":"","msg":{"success":true}}
DEBUG:iqoptionapi.ws.client:{"name":"result","request_id":"","msg":{"success":true}}
DEBUG:iqoptionapi.ws.client:{"request_id":"","name":"candles","msg":{"candles":[{"id":1239284,"from":1614302700,"at":1614302760000389222,"to":1614302760,"open":1.54896,"close":1.5482,"min":1.54819,"max":1.54899,"volume":301},{"id":1239285,"from":1614302760,"at":1614302820007195863,"to":1614302820,"open":1.54819,"close":1.54821,"min":1.54819,"max":1.54866,"volume":370},{"id":1239286,"from":1614302820,"at":1614302880020560227,"to":1614302880,"open":1.54821,"close":1.54844,"min":1.54818,"max":1.54851,"volume":302},{"id":1239287,"from":1614302880,"at":1614302940020552177,"to":1614302940,"open":1.54845,"close":1.54814,"min":1.54803,"max":1.54856,"volume":243},{"id":1239288,"from":1614302940,"at":1614303000006123250,"to":1614303000,"open":1.54813,"close":1.54821,"min":1.54797,"max":1.54837,"volume":311},{"id":1239289,"from":1614303000,"at":1614303060001581975,"to":1614303060,"open":1.54821,"close":1.54851,"min":1.54815,"max":1.54859,"volume":297},{"id":1239290,"from":1614303060,"at":1614303120020534603,"to":1614303120,"open":1.54851,"close":1.54811,"min":1.54808,"max":1.54868,"volume":468},{"id":1239291,"from":1614303120,"at":1614303180020573193,"to":1614303180,"open":1.54811,"close":1.54805,"min":1.54799,"max":1.54815,"volume":272},{"id":1239292,"from":1614303180,"at":1614303240009474470,"to":1614303240,"open":1.54805,"close":1.54775,"min":1.54773,"max":1.54835,"volume":306},{"id":1239293,"from":1614303240,"at":1614303300018595539,"to":1614303300,"open":1.54774,"close":1.54752,"min":1.54749,"max":1.54781,"volume":248},{"id":1239294,"from":1614303300,"at":1614303360006098659,"to":1614303360,"open":1.54751,"close":1.54764,"min":1.54751,"max":1.54774,"volume":281},{"id":1239295,"from":1614303360,"at":1614303420009784238,"to":1614303420,"open":1.54764,"close":1.54763,"min":1.54757,"max":1.54793,"volume":368},{"id":1239296,"from":1614303420,"at":1614303480018945368,"to":1614303480,"open":1.54764,"close":1.54781,"min":1.54758,"max":1.54788,"volume":276},{"id":1239297,"from":1614303480,"at":1614303540002400304,"to":1614303540,"open":1.54781,"close":1.54764,"min":1.54764,"max":1.54791,"volume":181},{"id":1239298,"from":1614303540,"at":1614303600003333516,"to":1614303600,"open":1.54765,"close":1.54754,"min":1.54749,"max":1.54789,"volume":203},{"id":1239299,"from":1614303600,"at":1614303660002755569,"to":1614303660,"open":1.54754,"close":1.54803,"min":1.54754,"max":1.54813,"volume":180},{"id":1239300,"from":1614303660,"at":1614303720001437087,"to":1614303720,"open":1.54804,"close":1.54779,"min":1.54779,"max":1.54811,"volume":234},{"id":1239301,"from":1614303720,"at":1614303780020557821,"to":1614303780,"open":1.54777,"close":1.5478,"min":1.54757,"max":1.54787,"volume":297},{"id":1239302,"from":1614303780,"at":1614303840007148802,"to":1614303840,"open":1.54781,"close":1.54781,"min":1.54774,"max":1.54807,"volume":249},{"id":1239303,"from":1614303840,"at":1614303900020570296,"to":1614303900,"open":1.54781,"close":1.54797,"min":1.54779,"max":1.54811,"volume":287},{"id":1239304,"from":1614303900,"at":1614303960018037868,"to":1614303960,"open":1.54797,"close":1.54816,"min":1.54795,"max":1.54837,"volume":307},{"id":1239305,"from":1614303960,"at":1614304020020599838,"to":1614304020,"open":1.54817,"close":1.54835,"min":1.54808,"max":1.54844,"volume":182},{"id":1239306,"from":1614304020,"at":1614304080019764848,"to":1614304080,"open":1.54834,"close":1.54839,"min":1.54825,"max":1.54844,"volume":194},{"id":1239307,"from":1614304080,"at":1614304140000017711,"to":1614304140,"open":1.54839,"close":1.54833,"min":1.54825,"max":1.54873,"volume":296},{"id":1239308,"from":1614304140,"at":1614304200020549192,"to":1614304200,"open":1.54833,"close":1.54866,"min":1.54833,"max":1.5487,"volume":188},{"id":1239309,"from":1614304200,"at":1614304260000296778,"to":1614304260,"open":1.54867,"close":1.54818,"min":1.54811,"max":1.54877,"volume":333},{"id":1239310,"from":1614304260,"at":1614304320020566043,"to":1614304320,"open":1.54819,"close":1.54825,"min":1.54813,"max":1.54839,"volume":269},{"id":1239311,"from":1614304320,"at":1614304380000288961,"to":1614304380,"open":1.54827,"close":1.54837,"min":1.54822,"max":1.54853,"volume":223},{"id":1239312,"from":1614304380,"at":1614304440020554117,"to":1614304440,"open":1.54836,"close":1.54849,"min":1.5483,"max":1.5485,"volume":219},{"id":1239313,"from":1614304440,"at":1614304500004320075,"to":1614304500,"open":1.54849,"close":1.54856,"min":1.54842,"max":1.54859,"volume":154},{"id":1239314,"from":1614304500,"at":1614304560020558888,"to":1614304560,"open":1.54855,"close":1.54854,"min":1.54842,"max":1.54856,"volume":213},{"id":1239315,"from":1614304560,"at":1614304620001821171,"to":1614304620,"open":1.54854,"close":1.54842,"min":1.54829,"max":1.54859,"volume":263},{"id":1239316,"from":1614304620,"at":1614304680020550228,"to":1614304680,"open":1.54843,"close":1.54884,"min":1.54839,"max":1.54888,"volume":244},{"id":1239317,"from":1614304680,"at":1614304740020604777,"to":1614304740,"open":1.54883,"close":1.54885,"min":1.54875,"max":1.54899,"volume":178},{"id":1239318,"from":1614304740,"at":1614304800020554348,"to":1614304800,"open":1.54884,"close":1.54884,"min":1.54865,"max":1.54892,"volume":238},{"id":1239319,"from":1614304800,"at":1614304860020557826,"to":1614304860,"open":1.54883,"close":1.54869,"min":1.54868,"max":1.54896,"volume":270},{"id":1239320,"from":1614304860,"at":1614304920001220899,"to":1614304920,"open":1.54869,"close":1.54859,"min":1.54838,"max":1.54871,"volume":182},{"id":1239321,"from":1614304920,"at":1614304980005821538,"to":1614304980,"open":1.54861,"close":1.54864,"min":1.54827,"max":1.54878,"volume":335},{"id":1239322,"from":1614304980,"at":1614305040020544590,"to":1614305040,"open":1.54864,"close":1.54892,"min":1.54861,"max":1.54895,"volume":322},{"id":1239323,"from":1614305040,"at":1614305100020541550,"to":1614305100,"open":1.54892,"close":1.5491,"min":1.54883,"max":1.54919,"volume":178},{"id":1239324,"from":1614305100,"at":1614305160000662947,"to":1614305160,"open":1.5491,"close":1.54897,"min":1.54876,"max":1.5491,"volume":190},{"id":1239325,"from":1614305160,"at":1614305220020557850,"to":1614305220,"open":1.54895,"close":1.54867,"min":1.54863,"max":1.54895,"volume":205},{"id":1239326,"from":1614305220,"at":1614305280011903734,"to":1614305280,"open":1.54867,"close":1.54885,"min":1.54867,"max":1.54887,"volume":222},{"id":1239327,"from":1614305280,"at":1614305340008009567,"to":1614305340,"open":1.54883,"close":1.54903,"min":1.54872,"max":1.54909,"volume":227},{"id":1239328,"from":1614305340,"at":1614305400020557907,"to":1614305400,"open":1.54905,"close":1.54898,"min":1.54895,"max":1.54919,"volume":179},{"id":1239329,"from":1614305400,"at":1614305460020553396,"to":1614305460,"open":1.54898,"close":1.54905,"min":1.54879,"max":1.54906,"volume":185},{"id":1239330,"from":1614305460,"at":1614305520016894424,"to":1614305520,"open":1.54909,"close":1.54905,"min":1.54899,"max":1.54917,"volume":212},{"id":1239331,"from":1614305520,"at":1614305580016537450,"to":1614305580,"open":1.54905,"close":1.54875,"min":1.54868,"max":1.54907,"volume":208},{"id":1239332,"from":1614305580,"at":1614305640021044888,"to":1614305640,"open":1.54875,"close":1.54877,"min":1.54865,"max":1.54884,"volume":147},{"id":1239333,"from":1614305640,"at":1614305700014812967,"to":1614305700,"open":1.54877,"close":1.54861,"min":1.54853,"max":1.549,"volume":343},{"id":1239334,"from":1614305700,"at":1614305760002263930,"to":1614305760,"open":1.54859,"close":1.54901,"min":1.54859,"max":1.54901,"volume":311},{"id":1239335,"from":1614305760,"at":1614305820020556301,"to":1614305820,"open":1.54901,"close":1.54917,"min":1.54894,"max":1.54917,"volume":183},{"id":1239336,"from":1614305820,"at":1614305880006692613,"to":1614305880,"open":1.54917,"close":1.54899,"min":1.54885,"max":1.54923,"volume":196},{"id":1239337,"from":1614305880,"at":1614305940014193572,"to":1614305940,"open":1.54897,"close":1.54906,"min":1.54893,"max":1.54911,"volume":163},{"id":1239338,"from":1614305940,"at":1614306000011497434,"to":1614306000,"open":1.54907,"close":1.54947,"min":1.54905,"max":1.54947,"volume":116},{"id":1239339,"from":1614306000,"at":1614306060020562160,"to":1614306060,"open":1.54947,"close":1.54947,"min":1.54934,"max":1.54951,"volume":182},{"id":1239340,"from":1614306060,"at":1614306120021189527,"to":1614306120,"open":1.54947,"close":1.54939,"min":1.54919,"max":1.54953,"volume":119},{"id":1239341,"from":1614306120,"at":1614306180020543051,"to":1614306180,"open":1.54939,"close":1.54933,"min":1.54932,"max":1.54953,"volume":200},{"id":1239342,"from":1614306180,"at":1614306240016434305,"to":1614306240,"open":1.54933,"close":1.54883,"min":1.54878,"max":1.54933,"volume":224},{"id":1239343,"from":1614306240,"at":1614306300015981812,"to":1614306300,"open":1.54883,"close":1.54843,"min":1.54842,"max":1.54885,"volume":176},{"id":1239344,"from":1614306300,"at":1614306360003848345,"to":1614306360,"open":1.54844,"close":1.54837,"min":1.5483,"max":1.54859,"volume":249},{"id":1239345,"from":1614306360,"at":1614306420020576938,"to":1614306420,"open":1.54837,"close":1.54801,"min":1.54801,"max":1.54839,"volume":188},{"id":1239346,"from":1614306420,"at":1614306480020555660,"to":1614306480,"open":1.54801,"close":1.54827,"min":1.548,"max":1.54833,"volume":211},{"id":1239347,"from":1614306480,"at":1614306540002425339,"to":1614306540,"open":1.54828,"close":1.54858,"min":1.54817,"max":1.54861,"volume":235},{"id":1239348,"from":1614306540,"at":1614306600004188503,"to":1614306600,"open":1.54857,"close":1.54835,"min":1.54831,"max":1.54859,"volume":170},{"id":1239349,"from":1614306600,"at":1614306660019148562,"to":1614306660,"open":1.54837,"close":1.54793,"min":1.54783,"max":1.54837,"volume":265},{"id":1239350,"from":1614306660,"at":1614306720013393039,"to":1614306720,"open":1.54792,"close":1.54803,"min":1.54782,"max":1.54803,"volume":197},{"id":1239351,"from":1614306720,"at":1614306780000087088,"to":1614306780,"open":1.54802,"close":1.54803,"min":1.54791,"max":1.54826,"volume":178},{"id":1239352,"from":1614306780,"at":1614306840020568095,"to":1614306840,"open":1.54801,"close":1.54779,"min":1.54777,"max":1.54815,"volume":146},{"id":1239353,"from":1614306840,"at":1614306900004859401,"to":1614306900,"open":1.54779,"close":1.54787,"min":1.54774,"max":1.548,"volume":186},{"id":1239354,"from":1614306900,"at":1614306960020546005,"to":1614306960,"open":1.54787,"close":1.54765,"min":1.54765,"max":1.54795,"volume":233},{"id":1239355,"from":1614306960,"at":1614307020001223002,"to":1614307020,"open":1.54765,"close":1.54792,"min":1.54761,"max":1.54823,"volume":257},{"id":1239356,"from":1614307020,"at":1614307080015865278,"to":1614307080,"open":1.54793,"close":1.54783,"min":1.54769,"max":1.54803,"volume":202},{"id":1239357,"from":1614307080,"at":1614307140012335639,"to":1614307140,"open":1.54783,"close":1.54758,"min":1.54757,"max":1.54787,"volume":112},{"id":1239358,"from":1614307140,"at":1614307200001558947,"to":1614307200,"open":1.54757,"close":1.54775,"min":1.54757,"max":1.54787,"volume":142},{"id":1239359,"from":1614307200,"at":1614307260008172317,"to":1614307260,"open":1.54775,"close":1.54798,"min":1.54771,"max":1.548,"volume":193},{"id":1239360,"from":1614307260,"at":1614307320008134823,"to":1614307320,"open":1.54797,"close":1.54779,"min":1.54777,"max":1.54805,"volume":202},{"id":1239361,"from":1614307320,"at":1614307380014329299,"to":1614307380,"open":1.5478,"close":1.54786,"min":1.54761,"max":1.54793,"volume":183},{"id":1239362,"from":1614307380,"at":1614307440002181875,"to":1614307440,"open":1.54787,"close":1.54796,"min":1.54783,"max":1.54801,"volume":134},{"id":1239363,"from":1614307440,"at":1614307500020555010,"to":1614307500,"open":1.54797,"close":1.54799,"min":1.54782,"max":1.54803,"volume":133},{"id":1239364,"from":1614307500,"at":1614307560020548553,"to":1614307560,"open":1.54799,"close":1.54787,"min":1.54777,"max":1.54803,"volume":208},{"id":1239365,"from":1614307560,"at":1614307620000292134,"to":1614307620,"open":1.54789,"close":1.54825,"min":1.54785,"max":1.54825,"volume":191},{"id":1239366,"from":1614307620,"at":1614307680015645867,"to":1614307680,"open":1.54825,"close":1.54845,"min":1.54819,"max":1.54855,"volume":203},{"id":1239367,"from":1614307680,"at":1614307740003217526,"to":1614307740,"open":1.54845,"close":1.54849,"min":1.54835,"max":1.54858,"volume":207},{"id":1239368,"from":1614307740,"at":1614307800011609752,"to":1614307800,"open":1.54849,"close":1.54855,"min":1.54831,"max":1.54861,"volume":158},{"id":1239369,"from":1614307800,"at":1614307860003637459,"to":1614307860,"open":1.54855,"close":1.54856,"min":1.54851,"max":1.54872,"volume":174},{"id":1239370,"from":1614307860,"at":1614307920002494303,"to":1614307920,"open":1.54853,"close":1.54831,"min":1.54817,"max":1.54855,"volume":195},{"id":1239371,"from":1614307920,"at":1614307980014160305,"to":1614307980,"open":1.54832,"close":1.54862,"min":1.54821,"max":1.54862,"volume":130},{"id":1239372,"from":1614307980,"at":1614308040020563298,"to":1614308040,"open":1.54861,"close":1.54849,"min":1.54847,"max":1.54865,"volume":218},{"id":1239373,"from":1614308040,"at":1614308100021283576,"to":1614308100,"open":1.54849,"close":1.54878,"min":1.54849,"max":1.54883,"volume":177},{"id":1239374,"from":1614308100,"at":1614308160003718901,"to":1614308160,"open":1.54879,"close":1.54815,"min":1.54815,"max":1.54879,"volume":267},{"id":1239375,"from":1614308160,"at":1614308220020553424,"to":1614308220,"open":1.54815,"close":1.54791,"min":1.54791,"max":1.54837,"volume":164},{"id":1239376,"from":1614308220,"at":1614308280020558305,"to":1614308280,"open":1.54791,"close":1.54833,"min":1.54783,"max":1.54841,"volume":297},{"id":1239377,"from":1614308280,"at":1614308340020554985,"to":1614308340,"open":1.54833,"close":1.54829,"min":1.54825,"max":1.5484,"volume":208},{"id":1239378,"from":1614308340,"at":1614308400000665261,"to":1614308400,"open":1.54831,"close":1.54825,"min":1.54817,"max":1.5484,"volume":236},{"id":1239379,"from":1614308400,"at":1614308460020561295,"to":1614308460,"open":1.54825,"close":1.54801,"min":1.54797,"max":1.54833,"volume":173},{"id":1239380,"from":1614308460,"at":1614308520020550421,"to":1614308520,"open":1.54801,"close":1.54811,"min":1.54777,"max":1.54821,"volume":172},{"id":1239381,"from":1614308520,"at":1614308580001928953,"to":1614308580,"open":1.54812,"close":1.54775,"min":1.54773,"max":1.54813,"volume":237},{"id":1239382,"from":1614308580,"at":1614308640020551968,"to":1614308640,"open":1.54775,"close":1.54775,"min":1.54766,"max":1.54789,"volume":235},{"id":1239383,"from":1614308640,"at":1614308662010496278,"to":1614308700,"open":1.54777,"close":1.54785,"min":1.54769,"max":1.54787,"volume":95}]},"status":2000}
DEBUG:iqoptionapi.ws.client:{"name":"timeSync","msg":1614308664563}
DEBUG:iqoptionapi.ws.client:{"name":"heartbeat","msg":1614308664563}
DEBUG:iqoptionapi.ws.client:{"name":"timeSync","msg":1614308665612}
DEBUG:iqoptionapi.ws.client:{"name":"heartbeat","msg":1614308665612}
DEBUG:iqoptionapi.ws.client:{"name":"timeSync","msg":1614308666647}
DEBUG:iqoptionapi.ws.client:{"name":"heartbeat","msg":1614308666647}
DEBUG:iqoptionapi.ws.client:{"name":"timeSync","msg":1614308667682}
DEBUG:iqoptionapi.ws.client:{"name":"heartbeat","msg":1614308667682}
DEBUG:iqoptionapi.ws.client:{"name":"timeSync","msg":1614308668717}
DEBUG:iqoptionapi.ws.client:{"name":"heartbeat","msg":1614308668717}
DEBUG:iqoptionapi.ws.client:{"name":"timeSync","msg":1614308669752}
DEBUG:iqoptionapi.ws.client:{"name":"heartbeat","msg":1614308669752}
DEBUG:iqoptionapi.ws.client:{"name":"timeSync","msg":1614308670786}
DEBUG:iqoptionapi.ws.client:{"name":"heartbeat","msg":1614308670786}
DEBUG:iqoptionapi.ws.client:{"name":"timeSync","msg":1614308671836}
DEBUG:iqoptionapi.ws.client:{"name":"heartbeat","msg":1614308671836}
DEBUG:iqoptionapi.ws.client:{"name":"timeSync","msg":1614308672870}
DEBUG:iqoptionapi.ws.client:{"name":"heartbeat","msg":1614308672870}
DEBUG:iqoptionapi.ws.client:{"name":"timeSync","msg":1614308673902}
DEBUG:iqoptionapi.ws.client:{"name":"heartbeat","msg":1614308673902}
DEBUG:iqoptionapi.ws.client:{"name":"timeSync","msg":1614308674938}
DEBUG:iqoptionapi.ws.client:{"name":"heartbeat","msg":1614308674938}
DEBUG:iqoptionapi.ws.client:{"name":"timeSync","msg":1614308675973}
DEBUG:iqoptionapi.ws.client:{"name":"heartbeat","msg":1614308675973}
DEBUG:iqoptionapi.ws.client:{"name":"timeSync","msg":1614308677013}
DEBUG:iqoptionapi.ws.client:{"name":"heartbeat","msg":1614308677013}
DEBUG:iqoptionapi.ws.client:{"name":"timeSync","msg":1614308678053}
DEBUG:iqoptionapi.ws.client:{"name":"heartbeat","msg":1614308678053}
DEBUG:iqoptionapi.ws.client:{"name":"timeSync","msg":1614308679097}
DEBUG:iqoptionapi.ws.client:{"name":"heartbeat","msg":1614308679097}
DEBUG:iqoptionapi.ws.client:{"name":"timeSync","msg":1614308680142}
DEBUG:iqoptionapi.ws.client:{"name":"heartbeat","msg":1614308680142}
DEBUG:iqoptionapi.ws.client:{"name":"timeSync","msg":1614308681191}
DEBUG:iqoptionapi.ws.client:{"name":"heartbeat","msg":1614308681191}
DEBUG:iqoptionapi.ws.client:{"name":"timeSync","msg":1614308682228}
DEBUG:iqoptionapi.ws.client:{"name":"heartbeat","msg":1614308682228}
DEBUG:iqoptionapi.ws.client:Websocket client connected.
DEBUG:iqoptionapi.api:POST: https://auth.iqoption.com/api/v2/login headers: {'User-Agent': 'Mozilla/5.0 (X11; Linux x86_64) AppleWebKit/537.36 (KHTML, like Gecko) Chrome/66.0.3359.139 Safari/537.36', 'Accept-Encoding': 'gzip, deflate', 'Accept': '*/*', 'Connection': 'keep-alive'} cookies: {}
DEBUG:urllib3.connectionpool:Starting new HTTPS connection (1): auth.iqoption.com:443
DEBUG:iqoptionapi.ws.client:{"name":"timeSync","msg":1614308711380}
DEBUG:iqoptionapi.ws.client:{"name":"heartbeat","msg":1614308711380}
DEBUG:urllib3.connectionpool:https://auth.iqoption.com:443 "POST /api/v2/login HTTP/1.1" 200 60
DEBUG:iqoptionapi.api:<Response [200]>
DEBUG:iqoptionapi.api:{"code":"success","ssid":"09c8eb5f8ebc16f2580eb64d412e10b4"}
DEBUG:iqoptionapi.api:{'Server': 'nginx', 'Date': 'Fri, 26 Feb 2021 03:05:12 GMT', 'Content-Type': 'application/json; charset=utf-8', 'Content-Length': '60', 'Connection': 'keep-alive', 'Set-Cookie': 'ssid=09c8eb5f8ebc16f2580eb64d412e10b4; Path=/; Domain=iqoption.com; Max-Age=2592000; Secure; SameSite=None', 'Vary': 'Origin', 'X-Tracing-Key': 'd645b45d-0eb9-433e-8c96-6593a1654106', 'enable-vts-status': 'true', 'proxy-add-original-uri-header': 'false', 'Strict-Transport-Security': 'max-age=15555600', 'X-Content-Type-Options': 'nosniff'}
DEBUG:iqoptionapi.api:<RequestsCookieJar[<Cookie ssid=09c8eb5f8ebc16f2580eb64d412e10b4 for .iqoption.com/>]>
DEBUG:iqoptionapi.api:{"name": "ssid", "msg": "09c8eb5f8ebc16f2580eb64d412e10b4", "request_id": 83508}
DEBUG:iqoptionapi.ws.client:{"name":"profile","msg":{"account_status":"NONE","address":"","auth_two_factor":null,"avatar":"","balance":0.0,"balance_id":253881805,"balance_type":0,"balances":[{"id":253881805,"user_id":52572530,"type":1,"amount":0,"enrolled_amount":0,"enrolled_sum_amount":0,"hold_amount":0,"orders_amount":0,"currency":"BRL","tournament_id":null,"tournament_name":null,"is_fiat":true,"is_marginal":false,"has_deposits":false,"auth_amount":0,"equivalent":0},{"id":253881806,"user_id":52572530,"type":4,"amount":9962.13,"enrolled_amount":9962.1338,"enrolled_sum_amount":9962.1338,"hold_amount":0,"orders_amount":0,"currency":"USD","tournament_id":null,"tournament_name":null,"is_fiat":true,"is_marginal":false,"has_deposits":false,"auth_amount":0,"equivalent":0},{"id":253881807,"user_id":52572530,"type":5,"amount":0,"enrolled_amount":0,"enrolled_sum_amount":0,"hold_amount":0,"orders_amount":0,"currency":"BTC","tournament_id":null,"tournament_name":null,"is_fiat":false,"is_marginal":false,"has_deposits":false,"auth_amount":0,"equivalent":0},{"id":253881808,"user_id":52572530,"type":5,"amount":0,"enrolled_amount":0,"enrolled_sum_amount":0,"hold_amount":0,"orders_amount":0,"currency":"ETH","tournament_id":null,"tournament_name":null,"is_fiat":false,"is_marginal":false,"has_deposits":false,"auth_amount":0,"equivalent":0}],"birthdate":false,"bonus_total_wager":0,"bonus_wager":0,"cashback_level_info":{"enabled":false},"city":"","client_category_id":1,"company_id":2,"confirmation_required":0,"confirmed_phones":[],"country_id":30,"created":1571696441,"currency":"BRL","currency_char":"R$","currency_id":6,"demo":0,"deposit_count":0,"deposit_in_one_click":false,"email":"gustavoacm06@gmail.com","finance_state":"","first_name":"Gustavo","flag":"BR","forget_status":{"status":"none","created":null,"expires":null},"functions":[],"gender":"male","group_id":193,"id":52572530,"infeed":1,"is_activated":true,"is_islamic":false,"is_vip_group":false,"kyc":{"status":1,"isPhoneFilled":false,"isPhoneNeeded":false,"isProfileFilled":false,"isProfileNeeded":false,"isRegulatedUser":false,"daysLeftToVerify":-1,"isPhoneConfirmed":false,"isDocumentsNeeded":false,"isDocumentsApproved":false,"isDocumentsDeclined":false,"isDocumentsUploaded":false,"isDocumentPoaUploaded":false,"isDocumentPoiUploaded":false,"isDocumentsUploadSkipped":false,"isPhoneConfirmationSkipped":false},"kyc_confirmed":false,"last_name":"Cavalcanti","last_visit":false,"locale":"pt_PT","mask":"R$ %s","messages":0,"money":{"deposit":{"min":0,"max":0},"withdraw":{"min":0,"max":0}},"name":"Gustavo Cavalcanti","nationality":"","need_phone_confirmation":null,"new_email":"","nickname":null,"personal_data_policy":{"is_call_accepted":{"status":true},"is_push_accepted":{"status":true},"is_email_accepted":{"status":true},"is_agreement_accepted":{"status":true},"is_thirdparty_accepted":{"status":true}},"phone":"","popup":[],"postal_index":"","public":1,"rate_in_one_click":false,"site_id":1,"skey":"a19f393d80ba518ed7fcdbbfac6913ed","socials":{},"ssid":false,"tc":true,"timediff":-7200,"tin":"","tournaments_ids":null,"trade_restricted":false,"trial":false,"tz":"Europe/Malta","tz_offset":60,"user_circle":null,"user_group":"LATAM_Default","user_id":52572530,"welcome_splash":0},"request_id":""}
DEBUG:iqoptionapi.ws.client:{"name":"front","msg":"ws04b.prod.ws.wz-ams","session_id":"5526716027572264403"}
DEBUG:iqoptionapi.ws.client:{"name":"timeSync","msg":1614308712433}
DEBUG:iqoptionapi.ws.client:{"name":"heartbeat","msg":1614308712433}
DEBUG:iqoptionapi.api:{"name": "subscribeMessage", "msg": {"name": "portfolio.position-changed", "version": "2.0", "params": {"routingFilters": {"instrument_type": "cfd", "user_balance_id": 253881806}}}, "request_id": ""}
DEBUG:iqoptionapi.api:{"name": "subscribeMessage", "msg": {"name": "portfolio.position-changed", "version": "2.0", "params": {"routingFilters": {"instrument_type": "forex", "user_balance_id": 253881806}}}, "request_id": ""}
DEBUG:iqoptionapi.api:{"name": "subscribeMessage", "msg": {"name": "portfolio.position-changed", "version": "2.0", "params": {"routingFilters": {"instrument_type": "crypto", "user_balance_id": 253881806}}}, "request_id": ""}
DEBUG:iqoptionapi.api:{"name": "subscribeMessage", "msg": {"name": "portfolio.position-changed", "version": "2.0", "params": {"routingFilters": {"instrument_type": "digital-option", "user_balance_id": 253881806}}}, "request_id": ""}
DEBUG:iqoptionapi.api:{"name": "subscribeMessage", "msg": {"name": "portfolio.position-changed", "version": "2.0", "params": {"routingFilters": {"instrument_type": "turbo-option", "user_balance_id": 253881806}}}, "request_id": ""}
DEBUG:iqoptionapi.api:{"name": "subscribeMessage", "msg": {"name": "portfolio.position-changed", "version": "2.0", "params": {"routingFilters": {"instrument_type": "binary-option", "user_balance_id": 253881806}}}, "request_id": ""}
DEBUG:iqoptionapi.api:{"name": "subscribeMessage", "msg": {"name": "portfolio.order-changed", "version": "1.0", "params": {"routingFilters": {"instrument_type": "cfd"}}}, "request_id": ""}
DEBUG:iqoptionapi.api:{"name": "subscribeMessage", "msg": {"name": "portfolio.order-changed", "version": "1.0", "params": {"routingFilters": {"instrument_type": "forex"}}}, "request_id": ""}
DEBUG:iqoptionapi.api:{"name": "subscribeMessage", "msg": {"name": "portfolio.order-changed", "version": "1.0", "params": {"routingFilters": {"instrument_type": "crypto"}}}, "request_id": ""}
DEBUG:iqoptionapi.api:{"name": "subscribeMessage", "msg": {"name": "portfolio.order-changed", "version": "1.0", "params": {"routingFilters": {"instrument_type": "digital-option"}}}, "request_id": ""}
DEBUG:iqoptionapi.api:{"name": "subscribeMessage", "msg": {"name": "portfolio.order-changed", "version": "1.0", "params": {"routingFilters": {"instrument_type": "turbo-option"}}}, "request_id": ""}
DEBUG:iqoptionapi.api:{"name": "subscribeMessage", "msg": {"name": "portfolio.order-changed", "version": "1.0", "params": {"routingFilters": {"instrument_type": "binary-option"}}}, "request_id": ""}
DEBUG:iqoptionapi.api:{"name": "setOptions", "msg": {"sendResults": true}, "request_id": "1"}
DEBUG:iqoptionapi.api:{"name": "unsubscribeMessage", "msg": {"name": "portfolio.position-changed", "version": "2.0", "params": {"routingFilters": {"instrument_type": "cfd", "user_balance_id": 253881806}}}, "request_id": ""}
DEBUG:iqoptionapi.api:{"name": "unsubscribeMessage", "msg": {"name": "portfolio.position-changed", "version": "2.0", "params": {"routingFilters": {"instrument_type": "forex", "user_balance_id": 253881806}}}, "request_id": ""}
DEBUG:iqoptionapi.api:{"name": "unsubscribeMessage", "msg": {"name": "portfolio.position-changed", "version": "2.0", "params": {"routingFilters": {"instrument_type": "crypto", "user_balance_id": 253881806}}}, "request_id": ""}
DEBUG:iqoptionapi.api:{"name": "unsubscribeMessage", "msg": {"name": "portfolio.position-changed", "version": "2.0", "params": {"routingFilters": {"instrument_type": "digital-option", "user_balance_id": 253881806}}}, "request_id": ""}
DEBUG:iqoptionapi.api:{"name": "unsubscribeMessage", "msg": {"name": "portfolio.position-changed", "version": "2.0", "params": {"routingFilters": {"instrument_type": "turbo-option", "user_balance_id": 253881806}}}, "request_id": ""}
DEBUG:iqoptionapi.api:{"name": "unsubscribeMessage", "msg": {"name": "portfolio.position-changed", "version": "2.0", "params": {"routingFilters": {"instrument_type": "binary-option", "user_balance_id": 253881806}}}, "request_id": ""}
DEBUG:iqoptionapi.api:{"name": "subscribeMessage", "msg": {"name": "portfolio.position-changed", "version": "2.0", "params": {"routingFilters": {"instrument_type": "cfd", "user_balance_id": 253881806}}}, "request_id": ""}
DEBUG:iqoptionapi.api:{"name": "subscribeMessage", "msg": {"name": "portfolio.position-changed", "version": "2.0", "params": {"routingFilters": {"instrument_type": "forex", "user_balance_id": 253881806}}}, "request_id": ""}
DEBUG:iqoptionapi.api:{"name": "subscribeMessage", "msg": {"name": "portfolio.position-changed", "version": "2.0", "params": {"routingFilters": {"instrument_type": "crypto", "user_balance_id": 253881806}}}, "request_id": ""}
DEBUG:iqoptionapi.api:{"name": "subscribeMessage", "msg": {"name": "portfolio.position-changed", "version": "2.0", "params": {"routingFilters": {"instrument_type": "digital-option", "user_balance_id": 253881806}}}, "request_id": ""}
DEBUG:iqoptionapi.api:{"name": "subscribeMessage", "msg": {"name": "portfolio.position-changed", "version": "2.0", "params": {"routingFilters": {"instrument_type": "turbo-option", "user_balance_id": 253881806}}}, "request_id": ""}
DEBUG:iqoptionapi.api:{"name": "subscribeMessage", "msg": {"name": "portfolio.position-changed", "version": "2.0", "params": {"routingFilters": {"instrument_type": "binary-option", "user_balance_id": 253881806}}}, "request_id": ""}
INFO:root:Aguandando a Hora para fazer a entrada !!!
DEBUG:iqoptionapi.api:{"name": "sendMessage", "msg": {"name": "get-candles", "version": "2.0", "body": {"active_id": 108, "size": 60, "to": 1614308712, "count": 100, "": 108}}, "request_id": 5594475}
DEBUG:iqoptionapi.ws.client:{"name":"result","request_id":"1","msg":{"success":true}}
DEBUG:iqoptionapi.ws.client:{"name":"result","request_id":"","msg":{"success":true}}
DEBUG:iqoptionapi.ws.client:{"name":"result","request_id":"","msg":{"success":true}}
DEBUG:iqoptionapi.ws.client:{"name":"result","request_id":"","msg":{"success":true}}
DEBUG:iqoptionapi.ws.client:{"name":"result","request_id":"","msg":{"success":true}}
DEBUG:iqoptionapi.ws.client:{"name":"result","request_id":"","msg":{"success":true}}
DEBUG:iqoptionapi.ws.client:{"name":"result","request_id":"","msg":{"success":true}}
DEBUG:iqoptionapi.ws.client:{"name":"result","request_id":"","msg":{"success":true}}
DEBUG:iqoptionapi.ws.client:{"name":"result","request_id":"","msg":{"success":true}}
DEBUG:iqoptionapi.ws.client:{"name":"result","request_id":"","msg":{"success":true}}
DEBUG:iqoptionapi.ws.client:{"name":"result","request_id":"","msg":{"success":true}}
DEBUG:iqoptionapi.ws.client:{"name":"result","request_id":"","msg":{"success":true}}
DEBUG:iqoptionapi.ws.client:{"name":"result","request_id":"","msg":{"success":true}}
DEBUG:iqoptionapi.ws.client:{"name":"result","request_id":"","msg":{"success":true}}
DEBUG:iqoptionapi.ws.client:{"request_id":"","name":"candles","msg":{"candles":[{"id":1239285,"from":1614302760,"at":1614302820007195863,"to":1614302820,"open":1.54819,"close":1.54821,"min":1.54819,"max":1.54866,"volume":370},{"id":1239286,"from":1614302820,"at":1614302880020560227,"to":1614302880,"open":1.54821,"close":1.54844,"min":1.54818,"max":1.54851,"volume":302},{"id":1239287,"from":1614302880,"at":1614302940020552177,"to":1614302940,"open":1.54845,"close":1.54814,"min":1.54803,"max":1.54856,"volume":243},{"id":1239288,"from":1614302940,"at":1614303000006123250,"to":1614303000,"open":1.54813,"close":1.54821,"min":1.54797,"max":1.54837,"volume":311},{"id":1239289,"from":1614303000,"at":1614303060001581975,"to":1614303060,"open":1.54821,"close":1.54851,"min":1.54815,"max":1.54859,"volume":297},{"id":1239290,"from":1614303060,"at":1614303120020534603,"to":1614303120,"open":1.54851,"close":1.54811,"min":1.54808,"max":1.54868,"volume":468},{"id":1239291,"from":1614303120,"at":1614303180020573193,"to":1614303180,"open":1.54811,"close":1.54805,"min":1.54799,"max":1.54815,"volume":272},{"id":1239292,"from":1614303180,"at":1614303240009474470,"to":1614303240,"open":1.54805,"close":1.54775,"min":1.54773,"max":1.54835,"volume":306},{"id":1239293,"from":1614303240,"at":1614303300018595539,"to":1614303300,"open":1.54774,"close":1.54752,"min":1.54749,"max":1.54781,"volume":248},{"id":1239294,"from":1614303300,"at":1614303360006098659,"to":1614303360,"open":1.54751,"close":1.54764,"min":1.54751,"max":1.54774,"volume":281},{"id":1239295,"from":1614303360,"at":1614303420009784238,"to":1614303420,"open":1.54764,"close":1.54763,"min":1.54757,"max":1.54793,"volume":368},{"id":1239296,"from":1614303420,"at":1614303480018945368,"to":1614303480,"open":1.54764,"close":1.54781,"min":1.54758,"max":1.54788,"volume":276},{"id":1239297,"from":1614303480,"at":1614303540002400304,"to":1614303540,"open":1.54781,"close":1.54764,"min":1.54764,"max":1.54791,"volume":181},{"id":1239298,"from":1614303540,"at":1614303600003333516,"to":1614303600,"open":1.54765,"close":1.54754,"min":1.54749,"max":1.54789,"volume":203},{"id":1239299,"from":1614303600,"at":1614303660002755569,"to":1614303660,"open":1.54754,"close":1.54803,"min":1.54754,"max":1.54813,"volume":180},{"id":1239300,"from":1614303660,"at":1614303720001437087,"to":1614303720,"open":1.54804,"close":1.54779,"min":1.54779,"max":1.54811,"volume":234},{"id":1239301,"from":1614303720,"at":1614303780020557821,"to":1614303780,"open":1.54777,"close":1.5478,"min":1.54757,"max":1.54787,"volume":297},{"id":1239302,"from":1614303780,"at":1614303840007148802,"to":1614303840,"open":1.54781,"close":1.54781,"min":1.54774,"max":1.54807,"volume":249},{"id":1239303,"from":1614303840,"at":1614303900020570296,"to":1614303900,"open":1.54781,"close":1.54797,"min":1.54779,"max":1.54811,"volume":287},{"id":1239304,"from":1614303900,"at":1614303960018037868,"to":1614303960,"open":1.54797,"close":1.54816,"min":1.54795,"max":1.54837,"volume":307},{"id":1239305,"from":1614303960,"at":1614304020020599838,"to":1614304020,"open":1.54817,"close":1.54835,"min":1.54808,"max":1.54844,"volume":182},{"id":1239306,"from":1614304020,"at":1614304080019764848,"to":1614304080,"open":1.54834,"close":1.54839,"min":1.54825,"max":1.54844,"volume":194},{"id":1239307,"from":1614304080,"at":1614304140000017711,"to":1614304140,"open":1.54839,"close":1.54833,"min":1.54825,"max":1.54873,"volume":296},{"id":1239308,"from":1614304140,"at":1614304200020549192,"to":1614304200,"open":1.54833,"close":1.54866,"min":1.54833,"max":1.5487,"volume":188},{"id":1239309,"from":1614304200,"at":1614304260000296778,"to":1614304260,"open":1.54867,"close":1.54818,"min":1.54811,"max":1.54877,"volume":333},{"id":1239310,"from":1614304260,"at":1614304320020566043,"to":1614304320,"open":1.54819,"close":1.54825,"min":1.54813,"max":1.54839,"volume":269},{"id":1239311,"from":1614304320,"at":1614304380000288961,"to":1614304380,"open":1.54827,"close":1.54837,"min":1.54822,"max":1.54853,"volume":223},{"id":1239312,"from":1614304380,"at":1614304440020554117,"to":1614304440,"open":1.54836,"close":1.54849,"min":1.5483,"max":1.5485,"volume":219},{"id":1239313,"from":1614304440,"at":1614304500004320075,"to":1614304500,"open":1.54849,"close":1.54856,"min":1.54842,"max":1.54859,"volume":154},{"id":1239314,"from":1614304500,"at":1614304560020558888,"to":1614304560,"open":1.54855,"close":1.54854,"min":1.54842,"max":1.54856,"volume":213},{"id":1239315,"from":1614304560,"at":1614304620001821171,"to":1614304620,"open":1.54854,"close":1.54842,"min":1.54829,"max":1.54859,"volume":263},{"id":1239316,"from":1614304620,"at":1614304680020550228,"to":1614304680,"open":1.54843,"close":1.54884,"min":1.54839,"max":1.54888,"volume":244},{"id":1239317,"from":1614304680,"at":1614304740020604777,"to":1614304740,"open":1.54883,"close":1.54885,"min":1.54875,"max":1.54899,"volume":178},{"id":1239318,"from":1614304740,"at":1614304800020554348,"to":1614304800,"open":1.54884,"close":1.54884,"min":1.54865,"max":1.54892,"volume":238},{"id":1239319,"from":1614304800,"at":1614304860020557826,"to":1614304860,"open":1.54883,"close":1.54869,"min":1.54868,"max":1.54896,"volume":270},{"id":1239320,"from":1614304860,"at":1614304920001220899,"to":1614304920,"open":1.54869,"close":1.54859,"min":1.54838,"max":1.54871,"volume":182},{"id":1239321,"from":1614304920,"at":1614304980005821538,"to":1614304980,"open":1.54861,"close":1.54864,"min":1.54827,"max":1.54878,"volume":335},{"id":1239322,"from":1614304980,"at":1614305040020544590,"to":1614305040,"open":1.54864,"close":1.54892,"min":1.54861,"max":1.54895,"volume":322},{"id":1239323,"from":1614305040,"at":1614305100020541550,"to":1614305100,"open":1.54892,"close":1.5491,"min":1.54883,"max":1.54919,"volume":178},{"id":1239324,"from":1614305100,"at":1614305160000662947,"to":1614305160,"open":1.5491,"close":1.54897,"min":1.54876,"max":1.5491,"volume":190},{"id":1239325,"from":1614305160,"at":1614305220020557850,"to":1614305220,"open":1.54895,"close":1.54867,"min":1.54863,"max":1.54895,"volume":205},{"id":1239326,"from":1614305220,"at":1614305280011903734,"to":1614305280,"open":1.54867,"close":1.54885,"min":1.54867,"max":1.54887,"volume":222},{"id":1239327,"from":1614305280,"at":1614305340008009567,"to":1614305340,"open":1.54883,"close":1.54903,"min":1.54872,"max":1.54909,"volume":227},{"id":1239328,"from":1614305340,"at":1614305400020557907,"to":1614305400,"open":1.54905,"close":1.54898,"min":1.54895,"max":1.54919,"volume":179},{"id":1239329,"from":1614305400,"at":1614305460020553396,"to":1614305460,"open":1.54898,"close":1.54905,"min":1.54879,"max":1.54906,"volume":185},{"id":1239330,"from":1614305460,"at":1614305520016894424,"to":1614305520,"open":1.54909,"close":1.54905,"min":1.54899,"max":1.54917,"volume":212},{"id":1239331,"from":1614305520,"at":1614305580016537450,"to":1614305580,"open":1.54905,"close":1.54875,"min":1.54868,"max":1.54907,"volume":208},{"id":1239332,"from":1614305580,"at":1614305640021044888,"to":1614305640,"open":1.54875,"close":1.54877,"min":1.54865,"max":1.54884,"volume":147},{"id":1239333,"from":1614305640,"at":1614305700014812967,"to":1614305700,"open":1.54877,"close":1.54861,"min":1.54853,"max":1.549,"volume":343},{"id":1239334,"from":1614305700,"at":1614305760002263930,"to":1614305760,"open":1.54859,"close":1.54901,"min":1.54859,"max":1.54901,"volume":311},{"id":1239335,"from":1614305760,"at":1614305820020556301,"to":1614305820,"open":1.54901,"close":1.54917,"min":1.54894,"max":1.54917,"volume":183},{"id":1239336,"from":1614305820,"at":1614305880006692613,"to":1614305880,"open":1.54917,"close":1.54899,"min":1.54885,"max":1.54923,"volume":196},{"id":1239337,"from":1614305880,"at":1614305940014193572,"to":1614305940,"open":1.54897,"close":1.54906,"min":1.54893,"max":1.54911,"volume":163},{"id":1239338,"from":1614305940,"at":1614306000011497434,"to":1614306000,"open":1.54907,"close":1.54947,"min":1.54905,"max":1.54947,"volume":116},{"id":1239339,"from":1614306000,"at":1614306060020562160,"to":1614306060,"open":1.54947,"close":1.54947,"min":1.54934,"max":1.54951,"volume":182},{"id":1239340,"from":1614306060,"at":1614306120021189527,"to":1614306120,"open":1.54947,"close":1.54939,"min":1.54919,"max":1.54953,"volume":119},{"id":1239341,"from":1614306120,"at":1614306180020543051,"to":1614306180,"open":1.54939,"close":1.54933,"min":1.54932,"max":1.54953,"volume":200},{"id":1239342,"from":1614306180,"at":1614306240016434305,"to":1614306240,"open":1.54933,"close":1.54883,"min":1.54878,"max":1.54933,"volume":224},{"id":1239343,"from":1614306240,"at":1614306300015981812,"to":1614306300,"open":1.54883,"close":1.54843,"min":1.54842,"max":1.54885,"volume":176},{"id":1239344,"from":1614306300,"at":1614306360003848345,"to":1614306360,"open":1.54844,"close":1.54837,"min":1.5483,"max":1.54859,"volume":249},{"id":1239345,"from":1614306360,"at":1614306420020576938,"to":1614306420,"open":1.54837,"close":1.54801,"min":1.54801,"max":1.54839,"volume":188},{"id":1239346,"from":1614306420,"at":1614306480020555660,"to":1614306480,"open":1.54801,"close":1.54827,"min":1.548,"max":1.54833,"volume":211},{"id":1239347,"from":1614306480,"at":1614306540002425339,"to":1614306540,"open":1.54828,"close":1.54858,"min":1.54817,"max":1.54861,"volume":235},{"id":1239348,"from":1614306540,"at":1614306600004188503,"to":1614306600,"open":1.54857,"close":1.54835,"min":1.54831,"max":1.54859,"volume":170},{"id":1239349,"from":1614306600,"at":1614306660019148562,"to":1614306660,"open":1.54837,"close":1.54793,"min":1.54783,"max":1.54837,"volume":265},{"id":1239350,"from":1614306660,"at":1614306720013393039,"to":1614306720,"open":1.54792,"close":1.54803,"min":1.54782,"max":1.54803,"volume":197},{"id":1239351,"from":1614306720,"at":1614306780000087088,"to":1614306780,"open":1.54802,"close":1.54803,"min":1.54791,"max":1.54826,"volume":178},{"id":1239352,"from":1614306780,"at":1614306840020568095,"to":1614306840,"open":1.54801,"close":1.54779,"min":1.54777,"max":1.54815,"volume":146},{"id":1239353,"from":1614306840,"at":1614306900004859401,"to":1614306900,"open":1.54779,"close":1.54787,"min":1.54774,"max":1.548,"volume":186},{"id":1239354,"from":1614306900,"at":1614306960020546005,"to":1614306960,"open":1.54787,"close":1.54765,"min":1.54765,"max":1.54795,"volume":233},{"id":1239355,"from":1614306960,"at":1614307020001223002,"to":1614307020,"open":1.54765,"close":1.54792,"min":1.54761,"max":1.54823,"volume":257},{"id":1239356,"from":1614307020,"at":1614307080015865278,"to":1614307080,"open":1.54793,"close":1.54783,"min":1.54769,"max":1.54803,"volume":202},{"id":1239357,"from":1614307080,"at":1614307140012335639,"to":1614307140,"open":1.54783,"close":1.54758,"min":1.54757,"max":1.54787,"volume":112},{"id":1239358,"from":1614307140,"at":1614307200001558947,"to":1614307200,"open":1.54757,"close":1.54775,"min":1.54757,"max":1.54787,"volume":142},{"id":1239359,"from":1614307200,"at":1614307260008172317,"to":1614307260,"open":1.54775,"close":1.54798,"min":1.54771,"max":1.548,"volume":193},{"id":1239360,"from":1614307260,"at":1614307320008134823,"to":1614307320,"open":1.54797,"close":1.54779,"min":1.54777,"max":1.54805,"volume":202},{"id":1239361,"from":1614307320,"at":1614307380014329299,"to":1614307380,"open":1.5478,"close":1.54786,"min":1.54761,"max":1.54793,"volume":183},{"id":1239362,"from":1614307380,"at":1614307440002181875,"to":1614307440,"open":1.54787,"close":1.54796,"min":1.54783,"max":1.54801,"volume":134},{"id":1239363,"from":1614307440,"at":1614307500020555010,"to":1614307500,"open":1.54797,"close":1.54799,"min":1.54782,"max":1.54803,"volume":133},{"id":1239364,"from":1614307500,"at":1614307560020548553,"to":1614307560,"open":1.54799,"close":1.54787,"min":1.54777,"max":1.54803,"volume":208},{"id":1239365,"from":1614307560,"at":1614307620000292134,"to":1614307620,"open":1.54789,"close":1.54825,"min":1.54785,"max":1.54825,"volume":191},{"id":1239366,"from":1614307620,"at":1614307680015645867,"to":1614307680,"open":1.54825,"close":1.54845,"min":1.54819,"max":1.54855,"volume":203},{"id":1239367,"from":1614307680,"at":1614307740003217526,"to":1614307740,"open":1.54845,"close":1.54849,"min":1.54835,"max":1.54858,"volume":207},{"id":1239368,"from":1614307740,"at":1614307800011609752,"to":1614307800,"open":1.54849,"close":1.54855,"min":1.54831,"max":1.54861,"volume":158},{"id":1239369,"from":1614307800,"at":1614307860003637459,"to":1614307860,"open":1.54855,"close":1.54856,"min":1.54851,"max":1.54872,"volume":174},{"id":1239370,"from":1614307860,"at":1614307920002494303,"to":1614307920,"open":1.54853,"close":1.54831,"min":1.54817,"max":1.54855,"volume":195},{"id":1239371,"from":1614307920,"at":1614307980014160305,"to":1614307980,"open":1.54832,"close":1.54862,"min":1.54821,"max":1.54862,"volume":130},{"id":1239372,"from":1614307980,"at":1614308040020563298,"to":1614308040,"open":1.54861,"close":1.54849,"min":1.54847,"max":1.54865,"volume":218},{"id":1239373,"from":1614308040,"at":1614308100021283576,"to":1614308100,"open":1.54849,"close":1.54878,"min":1.54849,"max":1.54883,"volume":177},{"id":1239374,"from":1614308100,"at":1614308160003718901,"to":1614308160,"open":1.54879,"close":1.54815,"min":1.54815,"max":1.54879,"volume":267},{"id":1239375,"from":1614308160,"at":1614308220020553424,"to":1614308220,"open":1.54815,"close":1.54791,"min":1.54791,"max":1.54837,"volume":164},{"id":1239376,"from":1614308220,"at":1614308280020558305,"to":1614308280,"open":1.54791,"close":1.54833,"min":1.54783,"max":1.54841,"volume":297},{"id":1239377,"from":1614308280,"at":1614308340020554985,"to":1614308340,"open":1.54833,"close":1.54829,"min":1.54825,"max":1.5484,"volume":208},{"id":1239378,"from":1614308340,"at":1614308400000665261,"to":1614308400,"open":1.54831,"close":1.54825,"min":1.54817,"max":1.5484,"volume":236},{"id":1239379,"from":1614308400,"at":1614308460020561295,"to":1614308460,"open":1.54825,"close":1.54801,"min":1.54797,"max":1.54833,"volume":173},{"id":1239380,"from":1614308460,"at":1614308520020550421,"to":1614308520,"open":1.54801,"close":1.54811,"min":1.54777,"max":1.54821,"volume":172},{"id":1239381,"from":1614308520,"at":1614308580001928953,"to":1614308580,"open":1.54812,"close":1.54775,"min":1.54773,"max":1.54813,"volume":237},{"id":1239382,"from":1614308580,"at":1614308640020551968,"to":1614308640,"open":1.54775,"close":1.54775,"min":1.54766,"max":1.54789,"volume":235},{"id":1239383,"from":1614308640,"at":1614308700012774038,"to":1614308700,"open":1.54777,"close":1.54804,"min":1.54769,"max":1.54808,"volume":245},{"id":1239384,"from":1614308700,"at":1614308711020572289,"to":1614308760,"open":1.54804,"close":1.54803,"min":1.54801,"max":1.54809,"volume":53}]},"status":2000}
DEBUG:iqoptionapi.ws.client:{"name":"timeSync","msg":1614308713473}
DEBUG:iqoptionapi.ws.client:{"name":"heartbeat","msg":1614308713473}
DEBUG:iqoptionapi.ws.client:{"name":"timeSync","msg":1614308714516}
DEBUG:iqoptionapi.ws.client:{"name":"heartbeat","msg":1614308714516}
DEBUG:iqoptionapi.ws.client:{"name":"timeSync","msg":1614308715560}
DEBUG:iqoptionapi.ws.client:{"name":"heartbeat","msg":1614308715560}
DEBUG:iqoptionapi.ws.client:{"name":"timeSync","msg":1614308716595}
DEBUG:iqoptionapi.ws.client:{"name":"heartbeat","msg":1614308716595}
DEBUG:iqoptionapi.ws.client:{"name":"timeSync","msg":1614308717632}
DEBUG:iqoptionapi.ws.client:{"name":"heartbeat","msg":1614308717632}
DEBUG:iqoptionapi.ws.client:{"name":"timeSync","msg":1614308718667}
DEBUG:iqoptionapi.ws.client:{"name":"heartbeat","msg":1614308718667}
DEBUG:iqoptionapi.ws.client:{"name":"timeSync","msg":1614308719701}
DEBUG:iqoptionapi.ws.client:{"name":"heartbeat","msg":1614308719701}
DEBUG:iqoptionapi.ws.client:{"name":"timeSync","msg":1614308720734}
DEBUG:iqoptionapi.ws.client:{"name":"heartbeat","msg":1614308720734}
DEBUG:iqoptionapi.ws.client:{"name":"timeSync","msg":1614308721768}
DEBUG:iqoptionapi.ws.client:{"name":"heartbeat","msg":1614308721768}
DEBUG:iqoptionapi.ws.client:{"name":"timeSync","msg":1614308722808}
DEBUG:iqoptionapi.ws.client:{"name":"heartbeat","msg":1614308722808}
DEBUG:iqoptionapi.ws.client:{"name":"timeSync","msg":1614308723847}
DEBUG:iqoptionapi.ws.client:{"name":"heartbeat","msg":1614308723847}
DEBUG:iqoptionapi.ws.client:{"name":"timeSync","msg":1614308724889}
DEBUG:iqoptionapi.ws.client:{"name":"heartbeat","msg":1614308724889}
INFO:root:Aguandando a Hora para fazer a entrada !!!
INFO:root:Aguandando a Hora para fazer a entrada !!!
INFO:root:5
INFO:root:50
INFO:root:2
INFO:root:25
INFO:root:100
INFO:root:Aguandando a Hora para fazer a entrada !!!
INFO:root:5
INFO:root:50
INFO:root:2
INFO:root:25
INFO:root:100
INFO:root:Aguandando a Hora para fazer a entrada !!!
INFO:root:5
INFO:root:50
INFO:root:2
INFO:root:25
INFO:root:100
INFO:root:Aguandando a Hora para fazer a entrada !!!
INFO:root:1
INFO:root:50
INFO:root:1
INFO:root:25
INFO:root:100
INFO:root:Aguandando a Hora para fazer a entrada !!!
INFO:root:1
INFO:root:50
INFO:root:1
INFO:root:25
INFO:root:100
INFO:root:Aguandando a Hora para fazer a entrada !!!
INFO:root:1
INFO:root:50
INFO:root:1
INFO:root:25
INFO:root:100
INFO:root:Aguandando a Hora para fazer a entrada !!!
INFO:root:Operao realizada, Boa Sorte: 
INFO:root:Operao realizada, Boa Sorte: 
INFO:root:Operao realizada, Boa Sorte: 
INFO:root:Operao realizada, Boa Sorte: 
INFO:root:1
INFO:root:50
INFO:root:1
INFO:root:25
INFO:root:100
INFO:root:Aguandando a Hora para fazer a entrada !!!
INFO:root:1
INFO:root:50
INFO:root:1
INFO:root:25
INFO:root:100
INFO:root:Aguandando a Hora para fazer a entrada !!!
INFO:root:Operao realizada, Boa Sorte: 
INFO:root:Operao realizada, Boa Sorte: 
